<?xml version="1.0" encoding="UTF-8" ?>
<testsuites errors="0"
            failures="1"
            tests="5">

  <testsuite name="test-user-order"
    errors="0" failures="1" hostname="" id="" package="test-user-order" skipped="3"
    tests="5" time="36.17" timestamp="">
  
    <testcase name="load user booking page" classname="test-user-order" time="0.6980" assertions="3">

    

    

    
    </testcase>
  
    <testcase name="should have error alert" classname="test-user-order" time="6.176" assertions="3">

    

    

    
    </testcase>
  
    <testcase name="should load order" classname="test-user-order" time="7.057" assertions="6">

    

    

    

    

    

    
    </testcase>
  
    <testcase name="change phone number" classname="test-user-order" time="11.85" assertions="7">

    

    

    

    

    

    

    
    </testcase>
  
    <testcase name="enter empty phone number" classname="test-user-order" time="10.40" assertions="3">

    

      <failure message="Testing if the URL is [0;33m&#39;http://localhost:8082/user/main&#39;[0m in 5000ms - expected [0;32m&#34;is &#39;http://localhost:8082/user/main&#39;&#34;[0m but got: [0;31m&#34;http://localhost:8082/user/login&#34;[0m [0;90m(5085ms)[0m">    at Object.command (C:\Users\zjy\Documents\Github\MeetHere\fronend2.0\tests\e2e\custom-commands\userLogin.js:10:17)
    at process._tickCallback (internal/process/next_tick.js:68:7)</failure>

    <failure message="    at Object.command (C:\Users\zjy\Documents\Github\MeetHere\fronend2.0\tests\e2e\custom-commands\userLogin.js:10:17)">    at process._tickCallback (internal/process/next_tick.js:68:7)</failure>
    </testcase>
  

  

  
    
    <testcase
      name="click cancel button when change phone number" classname="test-user-order">
      <skipped />
    </testcase>
    
    <testcase
      name="delete order" classname="test-user-order">
      <skipped />
    </testcase>
    
    <testcase
      name="cancel delete order" classname="test-user-order">
      <skipped />
    </testcase>
    
  
  </testsuite>
</testsuites>
